<?xml version="1.0" encoding="UTF-8"?>
<testng-results skipped="0" failed="0" ignored="0" total="2" passed="2">
  <reporter-output>
  </reporter-output>
  <suite name="Default suite" duration-ms="16547" started-at="2020-10-03T18:01:39Z" finished-at="2020-10-03T18:01:55Z">
    <groups>
    </groups>
    <test name="Default test" duration-ms="16547" started-at="2020-10-03T18:01:39Z" finished-at="2020-10-03T18:01:55Z">
      <class name="script.script">
        <test-method status="PASS" signature="a_pageload()[pri:0, instance:script.script@5419f379]" name="a_pageload" duration-ms="11100" started-at="2020-10-03T18:01:39Z" finished-at="2020-10-03T18:01:50Z">
          <reporter-output>
          </reporter-output>
        </test-method> <!-- a_pageload -->
        <test-method status="PASS" signature="b_signinout()[pri:0, instance:script.script@5419f379]" name="b_signinout" duration-ms="5400" started-at="2020-10-03T18:01:50Z" finished-at="2020-10-03T18:01:55Z">
          <reporter-output>
          </reporter-output>
        </test-method> <!-- b_signinout -->
      </class> <!-- script.script -->
    </test> <!-- Default test -->
  </suite> <!-- Default suite -->
</testng-results>
